<?xml version="1.0" encoding="UTF-8"?>
<beans xmlns="http://www.springframework.org/schema/beans"

       xmlns:context="http://www.springframework.org/schema/context"
       xmlns:xsi="http://www.w3.org/2001/XMLSchema-instance"
       xmlns:jdbc="http://www.springframework.org/schema/jdbc"
       xmlns:util="http://www.springframework.org/schema/util"
       xsi:schemaLocation="http://www.springframework.org/schema/beans
        http://www.springframework.org/schema/beans/spring-beans-3.0.xsd
        http://www.springframework.org/schema/jdbc
        http://www.springframework.org/schema/jdbc/spring-jdbc-3.0.xsd
        http://www.springframework.org/schema/util
        http://www.springframework.org/schema/util/spring-util.xsd">

    <!--Movies-->
    <bean id="allMoviesSql" class="java.lang.String">
        <constructor-arg value="SELECT * FROM v_movies /*ORDER BY*/;"/>
    </bean>

    <bean id="randomMoviesSql" class="java.lang.String">
        <constructor-arg value="SELECT * FROM v_movies order by 1 limit ?;"/>
    </bean>

    <bean id="moviesByGenreIdSql" class="java.lang.String">
        <constructor-arg value="
        SELECT vm.*
          FROM v_movies vm
               INNER JOIN movie_genre mg
                  ON vm.id = mg.movie_id
         WHERE mg.genre_id = ?
         /*ORDER BY*/ ;"/>
    </bean>

    <bean id="movieByIdSql" class="java.lang.String">
        <constructor-arg value="SELECT * FROM v_movies WHERE id = ?;"/>
    </bean>

    <bean id="movieRowMapper" class="com.siatsenko.movieland.dao.jdbc.mapper.MovieRowMapper">
    </bean>

    <bean id="movieDetailRowMapper" class="com.siatsenko.movieland.dao.jdbc.mapper.MovieDetailRowMapper">
    </bean>

    <bean id="jdbcMovieDao" class="com.siatsenko.movieland.dao.jdbc.JdbcMovieDao">
        <property name="jdbcTemplate" ref="jdbcTemplate"/>
        <property name="sqlBuilder" ref="sqlBuilder"/>
        <property name="randomCount" value="2"/>
        <property name="movieRowMapper" ref="movieRowMapper"/>
        <property name="allMoviesSql" ref="allMoviesSql"/>
        <property name="randomMoviesSql" ref="randomMoviesSql"/>
        <property name="moviesByGenreIdSql" ref="moviesByGenreIdSql"/>
        <property name="movieByIdSql" ref="movieByIdSql"/>
    </bean>

    <!--Genres    -->
    <bean id="allGenresSql" class="java.lang.String">
        <constructor-arg value="SELECT * FROM genre;"/>
    </bean>

    <bean id="genresByMovieIdSql" class="java.lang.String">
        <constructor-arg value="
        SELECT g.*
          FROM movie_genre mg
               INNER JOIN genre g
                  ON mg.genre_id = g.id
         WHERE movie_id = ?;"/>
    </bean>

    <bean id="genreRowMapper" class="com.siatsenko.movieland.dao.jdbc.mapper.GenreRowMapper">
    </bean>

    <bean id="jdbcGenreDao" class="com.siatsenko.movieland.dao.jdbc.JdbcGenreDao">
        <property name="jdbcTemplate" ref="jdbcTemplate"/>
        <property name="genreRowMapper" ref="genreRowMapper"/>
        <property name="allGenresSql" ref="allGenresSql"/>
        <property name="genresByMovieIdSql" ref="genresByMovieIdSql"/>
    </bean>

    <!--Reviews    -->
    <bean id="reviewsByMovieIdSql" class="java.lang.String">
        <constructor-arg value="SELECT r.* FROM review r WHERE r.movie_id = ?;"/>
    </bean>

    <bean id="reviewRowMapper" class="com.siatsenko.movieland.dao.jdbc.mapper.ReviewRowMapper">
    </bean>

    <bean id="jdbcReviewDao" class="com.siatsenko.movieland.dao.jdbc.JdbcReviewDao">
        <property name="jdbcTemplate" ref="jdbcTemplate"/>
        <property name="reviewRowMapper" ref="reviewRowMapper"/>
        <property name="reviewsByMovieIdSql" ref="reviewsByMovieIdSql"/>
    </bean>

    <!--Users    -->
    <bean id="usersByIdsSql" class="java.lang.String">
        <constructor-arg value="
        SELECT u.*
          FROM users u
         WHERE u.id = ? ;"/>
    </bean>

    <bean id="userRowMapper" class="com.siatsenko.movieland.dao.jdbc.mapper.UserRowMapper">
    </bean>

    <bean id="userDetailRowMapper" class="com.siatsenko.movieland.dao.jdbc.mapper.UserDetailRowMapper">
    </bean>

    <bean id="jdbcUserDao" class="com.siatsenko.movieland.dao.jdbc.JdbcUserDao">
        <property name="jdbcTemplate" ref="jdbcTemplate"/>
        <property name="userRowMapper" ref="userRowMapper"/>
        <property name="usersByIdsSql" ref="usersByIdsSql"/>
    </bean>

    <!--Countries    -->
    <bean id="countriesByMovieIdSql" class="java.lang.String">
        <constructor-arg value="
        SELECT c.*
          FROM movie_country mc
               INNER JOIN country c
        	     ON mc.country_id = c.id
         WHERE movie_id = ?;"/>
    </bean>

    <bean id="countryRowMapper" class="com.siatsenko.movieland.dao.jdbc.mapper.CountryRowMapper">
    </bean>

    <bean id="jdbcCountryDao" class="com.siatsenko.movieland.dao.jdbc.JdbcCountryDao">
        <property name="jdbcTemplate" ref="jdbcTemplate"/>
        <property name="countryRowMapper" ref="countryRowMapper"/>
        <property name="countriesByMovieIdSql" ref="countriesByMovieIdSql"/>
    </bean>

    <!--DB-->
    <jdbc:embedded-database id="dataSource" type="HSQL">
        <jdbc:script location="classpath:db/create-db.sql"/>
        <jdbc:script location="classpath:db/fill-db.sql"/>
    </jdbc:embedded-database>

    <bean id="jdbcTemplate" class="org.springframework.jdbc.core.JdbcTemplate">
        <property name="DataSource" ref="dataSource"/>
    </bean>

    <bean id="sqlBuilder" class="com.siatsenko.movieland.dao.jdbc.sql.SqlBuilder">
    </bean>

    <bean id="requestParamsService" class="com.siatsenko.movieland.service.impl.DefaultMovieRequestParamsService">
    </bean>

    <bean id="dtoConverter" class="com.siatsenko.movieland.web.controller.util.DtoConverter">
    </bean>

    <bean id="genreService" class="com.siatsenko.movieland.service.impl.DefaultGenreService">
        <property name="genreDao" ref="jdbcGenreDao"/>
    </bean>

    <bean id="countryService" class="com.siatsenko.movieland.service.impl.DefaultCountryService">
        <property name="countryDao" ref="jdbcCountryDao"/>
    </bean>

    <bean id="userService" class="com.siatsenko.movieland.service.impl.DefaultUserService">
        <property name="userDao" ref="jdbcUserDao"/>
    </bean>

    <bean id="reviewService" class="com.siatsenko.movieland.service.impl.DefaultReviewService">
        <property name="reviewDao" ref="jdbcReviewDao"/>
        <property name="userService" ref="userService"/>
    </bean>

    <bean id="movieService" class="com.siatsenko.movieland.service.impl.DefaultMovieService">
        <property name="movieDao" ref="jdbcMovieDao"/>
        <property name="genreService" ref="genreService"/>
        <property name="countryService" ref="countryService"/>
        <property name="reviewService" ref="reviewService"/>
    </bean>

    <bean id="movieController" class="com.siatsenko.movieland.web.controller.MovieController">
        <property name="movieService" ref="movieService"/>
        <property name="dtoConverter" ref="dtoConverter"/>
        <property name="requestParamsService" ref="requestParamsService"/>
    </bean>

    <bean id="genreController" class="com.siatsenko.movieland.web.controller.GenreController">
        <property name="genreService" ref="genreService"/>
    </bean>

</beans>
