<?xml version="1.0" encoding="UTF-8"?>
<beans xmlns="http://www.springframework.org/schema/beans"
       xmlns:mvc="http://www.springframework.org/schema/mvc"
       xmlns:context="http://www.springframework.org/schema/context"
       xmlns:xsi="http://www.w3.org/2001/XMLSchema-instance"
       xmlns:jdbc="http://www.springframework.org/schema/jdbc"
       xmlns:util="http://www.springframework.org/schema/util"
       xsi:schemaLocation="http://www.springframework.org/schema/beans
        http://www.springframework.org/schema/beans/spring-beans-3.0.xsd
http://www.springframework.org/schema/mvc http://www.springframework.org/schema/mvc/spring-mvc.xsd
http://www.springframework.org/schema/beans http://www.springframework.org/schema/beans/spring-beans.xsd
http://www.springframework.org/schema/context http://www.springframework.org/schema/context/spring-context.xsd
        http://www.springframework.org/schema/jdbc
        http://www.springframework.org/schema/jdbc/spring-jdbc-3.0.xsd
        http://www.springframework.org/schema/util
        http://www.springframework.org/schema/util/spring-util.xsd">


    <!--DB-->
    <jdbc:embedded-database id="dataSource" type="HSQL">
        <jdbc:script location="classpath:db/create-db.sql"/>
        <jdbc:script location="classpath:db/fill-db.sql"/>
    </jdbc:embedded-database>

    <bean id="currencyService" class="com.siatsenko.movieland.service.impl.DefaultCurrencyService">
        <property name="restTemplate" ref="restTemplate"/>
        <property name="url" value="https://bank.gov.ua/NBUStatService/v1/statdirectory/exchange"/>
        <property name="datePattern" value="yyyyMMdd"/>
    </bean>

</beans>
