<?xml version="1.0" encoding="UTF-8"?>
<beans xmlns="http://www.springframework.org/schema/beans"

       xmlns:context="http://www.springframework.org/schema/context"
       xmlns:xsi="http://www.w3.org/2001/XMLSchema-instance"
       xmlns:jdbc="http://www.springframework.org/schema/jdbc"
       xmlns:util="http://www.springframework.org/schema/util"
       xsi:schemaLocation="http://www.springframework.org/schema/beans
        http://www.springframework.org/schema/beans/spring-beans-3.0.xsd
        http://www.springframework.org/schema/jdbc
        http://www.springframework.org/schema/jdbc/spring-jdbc-3.0.xsd
        http://www.springframework.org/schema/util
        http://www.springframework.org/schema/util/spring-util.xsd">

    <jdbc:embedded-database id="dataSource" type="HSQL">
        <jdbc:script location="classpath:db/create-db.sql"/>
        <jdbc:script location="classpath:db/fill-db.sql"/>
    </jdbc:embedded-database>

    <bean id="jdbcTemplate" class="org.springframework.jdbc.core.JdbcTemplate">
        <property name="DataSource" ref="dataSource"/>
    </bean>

    <bean id="allMovieSql" class="java.lang.String">
        <constructor-arg value="SELECT * FROM v_movies;"/>
    </bean>

    <bean id="randomMovieSql" class="java.lang.String">
        <constructor-arg value="SELECT * FROM v_movies order by 1 limit ?;"/>
    </bean>

    <bean id="movieByGenreIdSql" class="java.lang.String">
        <constructor-arg value="
        select vm.*
          from v_movies vm
               inner join movie_genre mg
                  on vm.id = mg.movie_id
         where mg.genre_id = ?;"/>
    </bean>

    <bean id="movieRowMapper" class="com.siatsenko.movieland.dao.jdbc.mapper.MovieRowMapper">
    </bean>

    <bean id="jdbcMovieDao" class="com.siatsenko.movieland.dao.jdbc.JdbcMovieDao">
        <property name="movieRowMapper" ref="movieRowMapper"/>
        <property name="allMovieSql" ref="allMovieSql"/>
        <property name="randomMovieSql" ref="randomMovieSql"/>
        <property name="movieByGenreIdSql" ref="movieByGenreIdSql"/>
        <property name="jdbcTemplate" ref="jdbcTemplate"/>
        <property name="randomCount" value="2"/>
    </bean>

    <bean id="allGenreSql" class="java.lang.String">
        <constructor-arg value="SELECT * FROM genre;"/>
    </bean>

    <bean id="genreRowMapper" class="com.siatsenko.movieland.dao.jdbc.mapper.GenreRowMapper">
    </bean>

    <bean id="jdbcGenreDao" class="com.siatsenko.movieland.dao.jdbc.JdbcGenreDao">
        <property name="genreRowMapper" ref="genreRowMapper"/>
        <property name="allGenreSql" ref="allGenreSql"/>
        <property name="jdbcTemplate" ref="jdbcTemplate"/>
    </bean>

    <bean id="orderReplace" class="java.lang.String">
        <constructor-arg value="/*ORDER BY*/"/>
    </bean>

    <util:list id="allowedFields" value-type="java.lang.String">
        <value>rating</value>
        <value>price</value>
    </util:list>

    <bean id="sqlBuilder" class="com.siatsenko.movieland.dao.jdbc.sql.SqlBuilder">
        <property name="allowedFields" ref="allowedFields"/>
        <property name="orderReplace" ref="orderReplace"/>
    </bean>

</beans>
