<?xml version="1.0" encoding="UTF-8"?>
<beans xmlns="http://www.springframework.org/schema/beans"

       xmlns:context="http://www.springframework.org/schema/context"
       xmlns:xsi="http://www.w3.org/2001/XMLSchema-instance"
       xmlns:jdbc="http://www.springframework.org/schema/jdbc"
       xsi:schemaLocation="http://www.springframework.org/schema/beans
        http://www.springframework.org/schema/beans/spring-beans-3.0.xsd
        http://www.springframework.org/schema/jdbc
        http://www.springframework.org/schema/jdbc/spring-jdbc-3.0.xsd">

    <jdbc:embedded-database id="dataSource" type="HSQL">
        <jdbc:script location="classpath:db/create-db.sql"/>
        <jdbc:script location="classpath:db/fill-db.sql"/>
    </jdbc:embedded-database>

    <bean id="allMovieSql" class="java.lang.String">
        <constructor-arg value="SELECT * FROM v_movies;"/>
    </bean>

    <bean id="randomMovieSql" class="java.lang.String">
        <constructor-arg value="SELECT * FROM v_movies order by 1 limit ?;"/>
    </bean>

    <bean id="jdbcTemplate" class="org.springframework.jdbc.core.JdbcTemplate">
        <property name="DataSource" ref="dataSource"/>
    </bean>

    <bean id="movieRowMapper" class="com.siatsenko.movieland.dao.jdbc.mapper.MovieRowMapper">
    </bean>

    <bean id="jdbcMovieDao" class="com.siatsenko.movieland.dao.jdbc.JdbcMovieDao">
        <property name="movieRowMapper" ref="movieRowMapper"/>
        <property name="allMovieSql" ref="allMovieSql"/>
        <property name="randomMovieSql" ref="randomMovieSql"/>
        <property name="jdbcTemplate" ref="jdbcTemplate"/>
        <property name="randomCount" value="2"/>
    </bean>

</beans>
